#
# There is insufficient memory for the Java Runtime Environment to continue.
# Native memory allocation (malloc) failed to allocate 1048576 bytes for AllocateHeap
# Possible reasons:
#   The system is out of physical RAM or swap space
#   In 32 bit mode, the process size limit was hit
# Possible solutions:
#   Reduce memory load on the system
#   Increase physical memory or swap space
#   Check if swap backing store is full
#   Use 64 bit Java on a 64 bit OS
#   Decrease Java heap size (-Xmx/-Xms)
#   Decrease number of Java threads
#   Decrease Java thread stack sizes (-Xss)
#   Set larger code cache with -XX:ReservedCodeCacheSize=
# This output file may be truncated or incomplete.
#
#  Out of Memory Error (memory/allocation.inline.hpp:62), pid=332, tid=8440
#
# JRE version:  (8.0_20-b26) (build )
# Java VM: Java HotSpot(TM) 64-Bit Server VM (25.20-b23 mixed mode windows-amd64 compressed oops)
# Failed to write core dump. Minidumps are not enabled by default on client versions of Windows
#

---------------  T H R E A D  ---------------

Current thread (0x0000000001e50800):  JavaThread "Unknown thread" [_thread_in_vm, id=8440, stack(0x0000000001d00000,0x0000000001e00000)]

Stack: [0x0000000001d00000,0x0000000001e00000]
Native frames: (J=compiled Java code, j=interpreted, Vv=VM code, C=native code)
V  [jvm.dll+0x3152fa]
V  [jvm.dll+0x265d03]
V  [jvm.dll+0x266943]
V  [jvm.dll+0x25e265]
V  [jvm.dll+0x25d2bf]
V  [jvm.dll+0x3d4dec]
V  [jvm.dll+0x3d0637]
V  [jvm.dll+0xe4472]
V  [jvm.dll+0x1f8a09]
V  [jvm.dll+0x229fc4]
V  [jvm.dll+0x14c6f1]
C  [java.exe+0x20b6]
C  [java.exe+0xc9bb]
C  [java.exe+0xca4f]
C  [KERNEL32.DLL+0x16ad]
C  [ntdll.dll+0x54409]


---------------  P R O C E S S  ---------------

Java Threads: ( => current thread )

Other Threads:

=>0x0000000001e50800 (exited) JavaThread "Unknown thread" [_thread_in_vm, id=8440, stack(0x0000000001d00000,0x0000000001e00000)]

VM state:not at safepoint (normal execution)

VM Mutex/Monitor currently owned by a thread: None

Heap:
 PSYoungGen      total 28160K, used 491K [0x00000000e0f80000, 0x00000000e2e80000, 0x0000000100000000)
  eden space 24576K, 2% used [0x00000000e0f80000,0x00000000e0ffae20,0x00000000e2780000)
  from space 3584K, 0% used [0x00000000e2b00000,0x00000000e2b00000,0x00000000e2e80000)
  to   space 3584K, 0% used [0x00000000e2780000,0x00000000e2780000,0x00000000e2b00000)
 ParOldGen       total 64512K, used 0K [0x00000000a2e00000, 0x00000000a6d00000, 0x00000000e0f80000)
  object space 64512K, 0% used [0x00000000a2e00000,0x00000000a2e00000,0x00000000a6d00000)
 Metaspace       used 674K, capacity 4480K, committed 4480K, reserved 1056768K
  class space    used 66K, capacity 384K, committed 384K, reserved 1048576K

Card table byte_map: [0x0000000011310000,0x0000000011600000] byte_map_base: 0x0000000010df9000

Marking Bits: (ParMarkBitMap*) 0x000000005086b460
 Begin Bits: [0x0000000011c00000, 0x0000000013348000)
 End Bits:   [0x0000000013348000, 0x0000000014a90000)

Polling page: 0x00000000002c0000

CodeCache: size=245760Kb used=327Kb max_used=327Kb free=245432Kb
 bounds [0x0000000001f50000, 0x00000000021c0000, 0x0000000010f50000]
 total_blobs=56 nmethods=0 adapters=37
 compilation: enabled

Compilation events (0 events):
No events

GC Heap History (0 events):
No events

Deoptimization events (0 events):
No events

Internal exceptions (0 events):
No events

Events (10 events):
Event: 0.025 loading class java/lang/Short
Event: 0.025 loading class java/lang/Short done
Event: 0.025 loading class java/lang/Integer
Event: 0.026 loading class java/lang/Integer done
Event: 0.026 loading class java/lang/Long
Event: 0.026 loading class java/lang/Long done
Event: 0.027 loading class java/lang/NullPointerException
Event: 0.027 loading class java/lang/NullPointerException done
Event: 0.027 loading class java/lang/ArithmeticException
Event: 0.027 loading class java/lang/ArithmeticException done


Dynamic libraries:
0x00007ff689a00000 - 0x00007ff689a34000 	C:\Program Files\Java\jdk1.8.0_20\bin\java.exe
0x00007ffb7b580000 - 0x00007ffb7b726000 	C:\WINDOWS\SYSTEM32\ntdll.dll
0x00007ffb7b2f0000 - 0x00007ffb7b42a000 	C:\WINDOWS\system32\KERNEL32.DLL
0x00007ffb78a10000 - 0x00007ffb78b1f000 	C:\WINDOWS\system32\KERNELBASE.dll
0x00007ffb77500000 - 0x00007ffb77588000 	C:\WINDOWS\system32\apphelp.dll
0x00007ffb5ff70000 - 0x00007ffb5ffbf000 	C:\WINDOWS\AppPatch\AppPatch64\AcGenral.DLL
0x00007ffb79990000 - 0x00007ffb79a37000 	C:\WINDOWS\system32\msvcrt.dll
0x00007ffb78730000 - 0x00007ffb7875b000 	C:\WINDOWS\SYSTEM32\SspiCli.dll
0x00007ffb79030000 - 0x00007ffb79081000 	C:\WINDOWS\system32\SHLWAPI.dll
0x00007ffb78eb0000 - 0x00007ffb79021000 	C:\WINDOWS\system32\USER32.dll
0x00007ffb79340000 - 0x00007ffb794b8000 	C:\WINDOWS\system32\ole32.dll
0x00007ffb79c40000 - 0x00007ffb7b04f000 	C:\WINDOWS\system32\SHELL32.dll
0x00007ffb77f40000 - 0x00007ffb77f5e000 	C:\WINDOWS\SYSTEM32\USERENV.dll
0x00007ffb79290000 - 0x00007ffb79335000 	C:\WINDOWS\system32\ADVAPI32.dll
0x00007ffb70080000 - 0x00007ffb7009b000 	C:\WINDOWS\SYSTEM32\MPR.dll
0x00007ffb79840000 - 0x00007ffb79977000 	C:\WINDOWS\system32\RPCRT4.dll
0x00007ffb79090000 - 0x00007ffb790e7000 	C:\WINDOWS\SYSTEM32\sechost.dll
0x00007ffb7b0f0000 - 0x00007ffb7b2c6000 	C:\WINDOWS\SYSTEM32\combase.dll
0x00007ffb7b430000 - 0x00007ffb7b574000 	C:\WINDOWS\system32\GDI32.dll
0x00007ffb788f0000 - 0x00007ffb78904000 	C:\WINDOWS\SYSTEM32\profapi.dll
0x00007ffb76bc0000 - 0x00007ffb76c5f000 	C:\WINDOWS\SYSTEM32\SHCORE.dll
0x00007ffb79790000 - 0x00007ffb797c4000 	C:\WINDOWS\system32\IMM32.DLL
0x00007ffb79b00000 - 0x00007ffb79c39000 	C:\WINDOWS\system32\MSCTF.dll
0x00007ffb76790000 - 0x00007ffb769ea000 	C:\WINDOWS\WinSxS\amd64_microsoft.windows.common-controls_6595b64144ccf1df_6.0.9600.17031_none_6242a4b3ecbb55a1\COMCTL32.dll
0x00000000518e0000 - 0x00000000519b2000 	C:\Program Files\Java\jdk1.8.0_20\jre\bin\msvcr100.dll
0x0000000050090000 - 0x00000000508e8000 	C:\Program Files\Java\jdk1.8.0_20\jre\bin\server\jvm.dll
0x00007ffb71390000 - 0x00007ffb71399000 	C:\WINDOWS\SYSTEM32\WSOCK32.dll
0x00007ffb6fca0000 - 0x00007ffb6fcbf000 	C:\WINDOWS\SYSTEM32\WINMM.dll
0x00007ffb794d0000 - 0x00007ffb794d7000 	C:\WINDOWS\system32\PSAPI.DLL
0x00007ffb79a40000 - 0x00007ffb79a98000 	C:\WINDOWS\system32\WS2_32.dll
0x00007ffb6fc70000 - 0x00007ffb6fc9a000 	C:\WINDOWS\SYSTEM32\WINMMBASE.dll
0x00007ffb79980000 - 0x00007ffb79989000 	C:\WINDOWS\system32\NSI.dll
0x00007ffb78db0000 - 0x00007ffb78dfa000 	C:\WINDOWS\SYSTEM32\cfgmgr32.dll
0x00007ffb77780000 - 0x00007ffb777a6000 	C:\WINDOWS\SYSTEM32\DEVOBJ.dll
0x0000000051b50000 - 0x0000000051b5f000 	C:\Program Files\Java\jdk1.8.0_20\jre\bin\verify.dll
0x00000000518b0000 - 0x00000000518d8000 	C:\Program Files\Java\jdk1.8.0_20\jre\bin\java.dll
0x0000000051890000 - 0x00000000518a6000 	C:\Program Files\Java\jdk1.8.0_20\jre\bin\zip.dll
0x00007ffb6bc80000 - 0x00007ffb6be08000 	C:\WINDOWS\SYSTEM32\dbghelp.dll

VM Arguments:
jvm_args: -Dfile.encoding=UTF-8 
java_command: Stakeoverflow.swingFrame.ShapeTest
java_class_path (initial): C:\Program Files\NetBeans 8.0.1\java\modules\ext\eclipselink\eclipselink.jar;C:\Program Files\NetBeans 8.0.1\java\modules\ext\eclipselink\javax.persistence_2.1.0.v201304241213.jar;C:\Program Files\NetBeans 8.0.1\java\modules\ext\eclipselink\org.eclipse.persistence.jpa.jpql_2.5.2.v20140319-9ad6abd.jar;C:\Users\Naimish\Documents\NetBeansProjects\InterviewSol\build\classes
Launcher Type: SUN_STANDARD

Environment Variables:
PATH=C:\ProgramData\Oracle\Java\javapath;C:\Program Files (x86)\Intel\iCLS Client\;C:\Program Files\Intel\iCLS Client\;C:\WINDOWS\system32;C:\WINDOWS;C:\WINDOWS\System32\Wbem;C:\WINDOWS\System32\WindowsPowerShell\v1.0\;C:\Program Files (x86)\EgisTec MyWinLocker\x64;C:\Program Files (x86)\EgisTec MyWinLocker\;C:\Program Files (x86)\Intel\OpenCL SDK\2.0\bin\x86;C:\Program Files (x86)\Intel\OpenCL SDK\2.0\bin\x64;C:\Program Files\Intel\Intel(R) Management Engine Components\DAL;C:\Program Files\Intel\Intel(R) Management Engine Components\IPT;C:\Program Files (x86)\Intel\Intel(R) Management Engine Components\DAL;C:\Program Files (x86)\Intel\Intel(R) Management Engine Components\IPT
USERNAME=Naimish
OS=Windows_NT
PROCESSOR_IDENTIFIER=Intel64 Family 6 Model 42 Stepping 7, GenuineIntel



---------------  S Y S T E M  ---------------

OS: Windows 8.1 , 64 bit Build 9600 

CPU:total 4 (2 cores per cpu, 2 threads per core) family 6 model 42 stepping 7, cmov, cx8, fxsr, mmx, sse, sse2, sse3, ssse3, sse4.1, sse4.2, popcnt, avx, clmul, ht, tsc, tscinvbit

Memory: 4k page, physical 6100252k(865772k free), swap 24974620k(5332k free)

vm_info: Java HotSpot(TM) 64-Bit Server VM (25.20-b23) for windows-amd64 JRE (1.8.0_20-b26), built on Jul 30 2014 13:51:23 by "java_re" with MS VC++ 10.0 (VS2010)

time: Thu Dec 25 16:24:31 2014
elapsed time: 0 seconds (0d 0h 0m 0s)

